Running: C:\Xilinx\14.7\ISE_DS\ISE\bin\nt64\unwrapped\fuse.exe -intstyle ise -incremental -o D:/pr2/tb_procesador2_isim_beh.exe -prj D:/pr2/tb_procesador2_beh.prj work.tb_procesador2 
ISim P.20131013 (signature 0x7708f090)
Number of CPUs detected in this system: 4
Turning on mult-threading, number of parallel sub-compilation jobs: 8 
Determining compilation order of HDL files
Parsing VHDL file "D:/pr2/winmanager.vhd" into library work
Parsing VHDL file "D:/pr2/PSRMODI.vhd" into library work
Parsing VHDL file "D:/pr2/PSR.vhd" into library work
Parsing VHDL file "D:/pr2/ALU.vhd" into library work
Parsing VHDL file "C:/Users/Carlos/Desktop/proc2/UC.vhd" into library work
Parsing VHDL file "C:/Users/Carlos/Desktop/proc2/sumador.vhd" into library work
Parsing VHDL file "C:/Users/Carlos/Desktop/proc2/SEU.vhd" into library work
Parsing VHDL file "C:/Users/Carlos/Desktop/proc2/registerfile.vhd" into library work
Parsing VHDL file "C:/Users/Carlos/Desktop/proc2/npc.vhd" into library work
Parsing VHDL file "C:/Users/Carlos/Desktop/proc2/MUX.vhd" into library work
Parsing VHDL file "C:/Users/Carlos/Desktop/proc2/IMinstructionMemory.vhd" into library work
Parsing VHDL file "C:/Users/Carlos/Desktop/proc2/procesador2.vhd" into library work
Parsing VHDL file "D:/pr2/tb_procesador2.vhd" into library work
Starting static elaboration
Completed static elaboration
Compiling package standard
Compiling package std_logic_1164
Compiling package numeric_std
Compiling package std_logic_arith
Compiling package std_logic_unsigned
Compiling architecture behavioral of entity sumador [sumador_default]
Compiling architecture behavioral of entity npc [npc_default]
Compiling architecture arqinstructionmemory of entity instructionMemory [instructionmemory_default]
Compiling architecture behavioral of entity UC [uc_default]
Compiling architecture behavioral of entity registerfile [registerfile_default]
Compiling architecture behavioral of entity winmanager [winmanager_default]
Compiling architecture behavioral of entity MUX [mux_default]
Compiling architecture behavioral of entity SEU [seu_default]
Compiling architecture behavioral of entity PSRMODI [psrmodi_default]
Compiling architecture behavioral of entity PSR [psr_default]
Compiling architecture behavioral of entity ALU [alu_default]
Compiling architecture arq_procesador2 of entity procesador2 [procesador2_default]
Compiling architecture behavior of entity tb_procesador2
Time Resolution for simulation is 1ps.
Waiting for 10 sub-compilation(s) to finish...
Compiled 30 VHDL Units
Built simulation executable D:/pr2/tb_procesador2_isim_beh.exe
Fuse Memory Usage: 36348 KB
Fuse CPU Usage: 1028 ms
