Command line:
   tb_registerfile_isim_beh.exe
     -simmode  gui
     -simrunnum  0
     -socket  51590

Mon Oct 02 23:24:09 2017


 Elaboration Time: 0.0468 sec

 Current Memory Usage: 667.144 Meg

 Total Signals          : 15
 Total Nets             : 1136
 Total Signal Drivers   : 7
 Total Blocks           : 5
 Total Primitive Blocks : 4
 Total Processes        : 2
 Total Traceable Variables  : 10
 Total Scalar Nets and Variables : 1514
Total Line Count : 20

 Total Simulation Time: 0.1092 sec

 Current Memory Usage: 667.144 Meg

Mon Oct 02 23:26:39 2017

