Command line:
   tb_procesador2_isim_beh.exe
     -simmode  gui
     -simrunnum  0
     -socket  58581

Sun Oct 08 19:13:15 2017


 Elaboration Time: 0.0624 sec

 Current Memory Usage: 671.445 Meg

 Total Signals          : 52
 Total Nets             : 2408
 Total Signal Drivers   : 14
 Total Blocks           : 15
 Total Primitive Blocks : 13
 Total Processes        : 12
 Total Traceable Variables  : 16
 Total Scalar Nets and Variables : 2910
Total Line Count : 57
In process IMinstructionMemory.vhd:53 
 

 Total Simulation Time: 0.0624 sec

 Current Memory Usage: 671.445 Meg

Sun Oct 08 19:13:43 2017

